<?xml version="1.0" encoding="UTF-8"?>
<testsuite name="com.telran.qa.tests.LetTheCarWork" tests="2" skipped="0" failures="0" errors="0" timestamp="2020-10-25T17:01:25" hostname="DESKTOP-B688QOI" time="9.647">
  <properties/>
  <testcase name="negativeTestFromLetTheCar" classname="com.telran.qa.tests.LetTheCarWork" time="4.911"/>
  <testcase name="positiveTestFromLetTheCar" classname="com.telran.qa.tests.LetTheCarWork" time="4.666"/>
  <system-out><![CDATA[]]></system-out>
  <system-err><![CDATA[]]></system-err>
</testsuite>
